  main.cpp
C:\Program Files (x86)\Microsoft Visual Studio\2019\Community\VC\Tools\MSVC\14.28.29333\include\vector(1750,1): warning C4251: 'std::vector<S2D::Input::Keys,std::allocator<S2D::Input::Keys>>::_Mypair': class 'std::_Compressed_pair<std::allocator<S2D::Input::Keys>,std::_Vector_val<std::_Simple_types<_Ty>>,true>' needs to have dll-interface to be used by clients of class 'std::vector<S2D::Input::Keys,std::allocator<S2D::Input::Keys>>'
          with
          [
              _Ty=S2D::Input::Keys
          ]
C:\Program Files (x86)\Microsoft Visual Studio\2019\Community\VC\Tools\MSVC\14.28.29333\include\vector(1750): message : see declaration of 'std::_Compressed_pair<std::allocator<S2D::Input::Keys>,std::_Vector_val<std::_Simple_types<_Ty>>,true>'
          with
          [
              _Ty=S2D::Input::Keys
          ]
C:\Users\Ewan D Jones\Desktop\FOGGS Assignment Docs\Pacman\Pacman\S2D\Input.h(108): message : see reference to class template instantiation 'std::vector<S2D::Input::Keys,std::allocator<S2D::Input::Keys>>' being compiled
  Pacman.cpp
C:\Program Files (x86)\Microsoft Visual Studio\2019\Community\VC\Tools\MSVC\14.28.29333\include\vector(1750,1): warning C4251: 'std::vector<S2D::Input::Keys,std::allocator<S2D::Input::Keys>>::_Mypair': class 'std::_Compressed_pair<std::allocator<S2D::Input::Keys>,std::_Vector_val<std::_Simple_types<_Ty>>,true>' needs to have dll-interface to be used by clients of class 'std::vector<S2D::Input::Keys,std::allocator<S2D::Input::Keys>>'
          with
          [
              _Ty=S2D::Input::Keys
          ]
C:\Program Files (x86)\Microsoft Visual Studio\2019\Community\VC\Tools\MSVC\14.28.29333\include\vector(1750): message : see declaration of 'std::_Compressed_pair<std::allocator<S2D::Input::Keys>,std::_Vector_val<std::_Simple_types<_Ty>>,true>'
          with
          [
              _Ty=S2D::Input::Keys
          ]
C:\Users\Ewan D Jones\Desktop\FOGGS Assignment Docs\Pacman\Pacman\S2D\Input.h(108): message : see reference to class template instantiation 'std::vector<S2D::Input::Keys,std::allocator<S2D::Input::Keys>>' being compiled
C:\Users\Ewan D Jones\Desktop\FOGGS Assignment Docs\Pacman\Pacman\Pacman.cpp(11,12): warning C4244: 'argument': conversion from 'time_t' to 'unsigned int', possible loss of data
C:\Users\Ewan D Jones\Desktop\FOGGS Assignment Docs\Pacman\Pacman\Pacman.cpp(16,96): warning C4244: 'argument': conversion from 'int' to 'float', possible loss of data
C:\Users\Ewan D Jones\Desktop\FOGGS Assignment Docs\Pacman\Pacman\Pacman.cpp(16,55): warning C4244: 'argument': conversion from 'int' to 'float', possible loss of data
C:\Users\Ewan D Jones\Desktop\FOGGS Assignment Docs\Pacman\Pacman\Pacman.cpp(25,87): warning C4244: 'argument': conversion from 'int' to 'float', possible loss of data
C:\Users\Ewan D Jones\Desktop\FOGGS Assignment Docs\Pacman\Pacman\Pacman.cpp(25,46): warning C4244: 'argument': conversion from 'int' to 'float', possible loss of data
C:\Users\Ewan D Jones\Desktop\FOGGS Assignment Docs\Pacman\Pacman\Pacman.cpp(118,80): warning C4244: 'argument': conversion from 'int' to 'float', possible loss of data
C:\Users\Ewan D Jones\Desktop\FOGGS Assignment Docs\Pacman\Pacman\Pacman.cpp(118,39): warning C4244: 'argument': conversion from 'int' to 'float', possible loss of data
C:\Users\Ewan D Jones\Desktop\FOGGS Assignment Docs\Pacman\Pacman\Pacman.cpp(153,100): warning C4244: 'argument': conversion from 'int' to 'float', possible loss of data
C:\Users\Ewan D Jones\Desktop\FOGGS Assignment Docs\Pacman\Pacman\Pacman.cpp(153,63): warning C4244: 'argument': conversion from 'int' to 'float', possible loss of data
C:\Users\Ewan D Jones\Desktop\FOGGS Assignment Docs\Pacman\Pacman\Pacman.cpp(253,84): warning C4244: 'argument': conversion from 'int' to 'float', possible loss of data
C:\Users\Ewan D Jones\Desktop\FOGGS Assignment Docs\Pacman\Pacman\Pacman.cpp(253,43): warning C4244: 'argument': conversion from 'int' to 'float', possible loss of data
C:\Users\Ewan D Jones\Desktop\FOGGS Assignment Docs\Pacman\Pacman\Pacman.cpp(264,54): warning C4244: '=': conversion from 'int' to 'float', possible loss of data
C:\Users\Ewan D Jones\Desktop\FOGGS Assignment Docs\Pacman\Pacman\Pacman.cpp(282,55): warning C4244: '=': conversion from 'int' to 'float', possible loss of data
C:\Users\Ewan D Jones\Desktop\FOGGS Assignment Docs\Pacman\Pacman\Pacman.cpp(287,51): warning C4244: '=': conversion from 'int' to 'float', possible loss of data
C:\Users\Ewan D Jones\Desktop\FOGGS Assignment Docs\Pacman\Pacman\Pacman.cpp(288,50): warning C4244: '=': conversion from 'int' to 'float', possible loss of data
C:\Users\Ewan D Jones\Desktop\FOGGS Assignment Docs\Pacman\Pacman\Pacman.cpp(306,80): warning C4244: '=': conversion from 'int' to 'float', possible loss of data
C:\Users\Ewan D Jones\Desktop\FOGGS Assignment Docs\Pacman\Pacman\Pacman.cpp(321,53): warning C4244: '=': conversion from 'int' to 'float', possible loss of data
C:\Users\Ewan D Jones\Desktop\FOGGS Assignment Docs\Pacman\Pacman\Pacman.cpp(336,51): warning C4244: '=': conversion from 'int' to 'float', possible loss of data
C:\Users\Ewan D Jones\Desktop\FOGGS Assignment Docs\Pacman\Pacman\Pacman.cpp(337,52): warning C4244: '=': conversion from 'int' to 'float', possible loss of data
C:\Users\Ewan D Jones\Desktop\FOGGS Assignment Docs\Pacman\Pacman\Pacman.cpp(495,14): warning C4244: 'initializing': conversion from 'float' to 'int', possible loss of data
C:\Users\Ewan D Jones\Desktop\FOGGS Assignment Docs\Pacman\Pacman\Pacman.cpp(497,12): warning C4244: 'initializing': conversion from 'float' to 'int', possible loss of data
C:\Users\Ewan D Jones\Desktop\FOGGS Assignment Docs\Pacman\Pacman\Pacman.cpp(499,13): warning C4244: 'initializing': conversion from 'float' to 'int', possible loss of data
C:\Users\Ewan D Jones\Desktop\FOGGS Assignment Docs\Pacman\Pacman\Pacman.cpp(501,11): warning C4244: 'initializing': conversion from 'float' to 'int', possible loss of data
C:\Users\Ewan D Jones\Desktop\FOGGS Assignment Docs\Pacman\Pacman\Pacman.cpp(507,37): warning C4244: '=': conversion from 'float' to 'int', possible loss of data
C:\Users\Ewan D Jones\Desktop\FOGGS Assignment Docs\Pacman\Pacman\Pacman.cpp(508,31): warning C4244: '=': conversion from 'float' to 'int', possible loss of data
C:\Users\Ewan D Jones\Desktop\FOGGS Assignment Docs\Pacman\Pacman\Pacman.cpp(509,36): warning C4244: '=': conversion from 'float' to 'int', possible loss of data
C:\Users\Ewan D Jones\Desktop\FOGGS Assignment Docs\Pacman\Pacman\Pacman.cpp(510,30): warning C4244: '=': conversion from 'float' to 'int', possible loss of data
C:\Users\Ewan D Jones\Desktop\FOGGS Assignment Docs\Pacman\Pacman\Pacman.cpp(515,18): warning C4553: '==': result of expression not used; did you intend '='?
C:\Users\Ewan D Jones\Desktop\FOGGS Assignment Docs\Pacman\Pacman\Pacman.cpp(537,14): warning C4244: 'initializing': conversion from 'float' to 'int', possible loss of data
C:\Users\Ewan D Jones\Desktop\FOGGS Assignment Docs\Pacman\Pacman\Pacman.cpp(539,12): warning C4244: 'initializing': conversion from 'float' to 'int', possible loss of data
C:\Users\Ewan D Jones\Desktop\FOGGS Assignment Docs\Pacman\Pacman\Pacman.cpp(541,13): warning C4244: 'initializing': conversion from 'float' to 'int', possible loss of data
C:\Users\Ewan D Jones\Desktop\FOGGS Assignment Docs\Pacman\Pacman\Pacman.cpp(543,11): warning C4244: 'initializing': conversion from 'float' to 'int', possible loss of data
C:\Users\Ewan D Jones\Desktop\FOGGS Assignment Docs\Pacman\Pacman\Pacman.cpp(549,46): warning C4244: '=': conversion from 'float' to 'int', possible loss of data
C:\Users\Ewan D Jones\Desktop\FOGGS Assignment Docs\Pacman\Pacman\Pacman.cpp(550,40): warning C4244: '=': conversion from 'float' to 'int', possible loss of data
C:\Users\Ewan D Jones\Desktop\FOGGS Assignment Docs\Pacman\Pacman\Pacman.cpp(551,45): warning C4244: '=': conversion from 'float' to 'int', possible loss of data
C:\Users\Ewan D Jones\Desktop\FOGGS Assignment Docs\Pacman\Pacman\Pacman.cpp(552,39): warning C4244: '=': conversion from 'float' to 'int', possible loss of data
  Generating Code...
  Pacman.vcxproj -> C:\Users\Ewan D Jones\Desktop\FOGGS Assignment Docs\Pacman\Debug\Pacman.exe
